mode: set
github.com/elhub/gh-dxp/pkg/branch/branch.go:12.64,15.22 2 0
github.com/elhub/gh-dxp/pkg/branch/branch.go:15.22,17.3 1 0
github.com/elhub/gh-dxp/pkg/branch/branch.go:19.2,19.18 1 0
github.com/elhub/gh-dxp/pkg/branch/branch.go:19.18,22.18 3 0
github.com/elhub/gh-dxp/pkg/branch/branch.go:22.18,24.4 1 0
github.com/elhub/gh-dxp/pkg/branch/branch.go:25.3,25.36 1 0
github.com/elhub/gh-dxp/pkg/branch/branch.go:26.8,29.18 3 0
github.com/elhub/gh-dxp/pkg/branch/branch.go:29.18,31.4 1 0
github.com/elhub/gh-dxp/pkg/branch/branch.go:32.3,32.36 1 0
github.com/elhub/gh-dxp/pkg/branch/branch.go:35.2,35.12 1 0
github.com/elhub/gh-dxp/pkg/branch/branch.go:38.70,40.16 2 0
github.com/elhub/gh-dxp/pkg/branch/branch.go:40.16,42.31 2 0
github.com/elhub/gh-dxp/pkg/branch/branch.go:42.31,43.31 1 0
github.com/elhub/gh-dxp/pkg/branch/branch.go:43.31,45.5 1 0
github.com/elhub/gh-dxp/pkg/branch/branch.go:46.4,46.21 1 0
github.com/elhub/gh-dxp/pkg/branch/branch.go:49.3,49.20 1 0
github.com/elhub/gh-dxp/pkg/branch/branch.go:51.2,51.18 1 0
github.com/elhub/gh-dxp/pkg/cmd/cmd.go:12.63,19.2 4 1
github.com/elhub/gh-dxp/pkg/cmd/cmd.go:21.76,32.61 2 1
github.com/elhub/gh-dxp/pkg/cmd/cmd.go:32.61,36.13 3 0
github.com/elhub/gh-dxp/pkg/cmd/cmd.go:36.13,39.5 2 0
github.com/elhub/gh-dxp/pkg/cmd/cmd.go:43.2,52.15 4 1
github.com/elhub/gh-dxp/pkg/cmd/lint.go:11.76,24.55 1 1
github.com/elhub/gh-dxp/pkg/cmd/lint.go:24.55,26.4 1 0
github.com/elhub/gh-dxp/pkg/cmd/lint.go:29.2,29.12 1 1
github.com/elhub/gh-dxp/pkg/cmd/work.go:10.49,23.55 1 1
github.com/elhub/gh-dxp/pkg/cmd/work.go:23.55,26.21 2 0
github.com/elhub/gh-dxp/pkg/cmd/work.go:26.21,28.5 1 0
github.com/elhub/gh-dxp/pkg/cmd/work.go:30.4,30.47 1 0
github.com/elhub/gh-dxp/pkg/cmd/work.go:34.2,34.12 1 1
github.com/elhub/gh-dxp/pkg/config/config.go:9.53,11.20 2 0
github.com/elhub/gh-dxp/pkg/config/config.go:11.20,13.3 1 0
github.com/elhub/gh-dxp/pkg/config/config.go:15.2,16.59 2 0
github.com/elhub/gh-dxp/pkg/config/config.go:16.59,18.3 1 0
github.com/elhub/gh-dxp/pkg/config/config.go:20.2,20.18 1 0
github.com/elhub/gh-dxp/pkg/lint/golint.go:16.63,22.16 4 0
github.com/elhub/gh-dxp/pkg/lint/golint.go:22.16,24.3 1 0
github.com/elhub/gh-dxp/pkg/lint/golint.go:27.2,28.29 2 0
github.com/elhub/gh-dxp/pkg/lint/golint.go:28.29,30.22 2 0
github.com/elhub/gh-dxp/pkg/lint/golint.go:30.22,32.4 1 0
github.com/elhub/gh-dxp/pkg/lint/golint.go:35.2,36.21 2 0
github.com/elhub/gh-dxp/pkg/lint/golint.go:39.59,41.27 2 0
github.com/elhub/gh-dxp/pkg/lint/golint.go:41.27,54.3 4 0
github.com/elhub/gh-dxp/pkg/lint/golint.go:55.2,55.65 1 0
github.com/elhub/gh-dxp/pkg/lint/lint.go:10.41,15.2 1 0
github.com/elhub/gh-dxp/pkg/lint/lint.go:17.90,20.50 2 0
github.com/elhub/gh-dxp/pkg/lint/lint.go:20.50,21.48 1 0
github.com/elhub/gh-dxp/pkg/lint/lint.go:21.48,25.18 3 0
github.com/elhub/gh-dxp/pkg/lint/lint.go:25.18,27.5 1 0
github.com/elhub/gh-dxp/pkg/lint/lint.go:28.9,30.4 1 0
github.com/elhub/gh-dxp/pkg/lint/lint.go:34.2,34.33 1 0
github.com/elhub/gh-dxp/pkg/lint/lint.go:34.33,36.3 1 0
github.com/elhub/gh-dxp/pkg/lint/lint.go:38.2,38.12 1 0
github.com/elhub/gh-dxp/pkg/lint/yamllint.go:16.65,22.16 4 0
github.com/elhub/gh-dxp/pkg/lint/yamllint.go:22.16,24.3 1 0
github.com/elhub/gh-dxp/pkg/lint/yamllint.go:27.2,28.29 2 0
github.com/elhub/gh-dxp/pkg/lint/yamllint.go:28.29,30.22 2 0
github.com/elhub/gh-dxp/pkg/lint/yamllint.go:30.22,32.4 1 0
github.com/elhub/gh-dxp/pkg/lint/yamllint.go:35.2,36.21 2 0
github.com/elhub/gh-dxp/pkg/lint/yamllint.go:39.61,41.27 2 0
github.com/elhub/gh-dxp/pkg/lint/yamllint.go:41.27,54.3 4 0
github.com/elhub/gh-dxp/pkg/lint/yamllint.go:55.2,55.67 1 0
github.com/elhub/gh-dxp/pkg/utils/utils.go:19.36,23.2 1 0
github.com/elhub/gh-dxp/pkg/utils/utils.go:25.77,30.2 4 0
github.com/elhub/gh-dxp/pkg/config/config.go:9.53,11.20 2 1
github.com/elhub/gh-dxp/pkg/config/config.go:11.20,13.3 1 1
github.com/elhub/gh-dxp/pkg/config/config.go:15.2,16.59 2 1
github.com/elhub/gh-dxp/pkg/config/config.go:16.59,18.3 1 1
github.com/elhub/gh-dxp/pkg/config/config.go:20.2,20.18 1 1
github.com/elhub/gh-dxp/pkg/config/config.go:9.53,11.20 2 0
github.com/elhub/gh-dxp/pkg/config/config.go:11.20,13.3 1 0
github.com/elhub/gh-dxp/pkg/config/config.go:15.2,16.59 2 0
github.com/elhub/gh-dxp/pkg/config/config.go:16.59,18.3 1 0
github.com/elhub/gh-dxp/pkg/config/config.go:20.2,20.18 1 0
github.com/elhub/gh-dxp/pkg/lint/golint.go:16.63,22.16 4 1
github.com/elhub/gh-dxp/pkg/lint/golint.go:22.16,24.3 1 0
github.com/elhub/gh-dxp/pkg/lint/golint.go:27.2,28.29 2 1
github.com/elhub/gh-dxp/pkg/lint/golint.go:28.29,30.22 2 1
github.com/elhub/gh-dxp/pkg/lint/golint.go:30.22,32.4 1 1
github.com/elhub/gh-dxp/pkg/lint/golint.go:35.2,36.21 2 1
github.com/elhub/gh-dxp/pkg/lint/golint.go:39.59,41.27 2 1
github.com/elhub/gh-dxp/pkg/lint/golint.go:41.27,54.3 4 1
github.com/elhub/gh-dxp/pkg/lint/golint.go:55.2,55.65 1 1
github.com/elhub/gh-dxp/pkg/lint/lint.go:10.41,15.2 1 0
github.com/elhub/gh-dxp/pkg/lint/lint.go:17.90,20.50 2 1
github.com/elhub/gh-dxp/pkg/lint/lint.go:20.50,21.48 1 1
github.com/elhub/gh-dxp/pkg/lint/lint.go:21.48,25.18 3 1
github.com/elhub/gh-dxp/pkg/lint/lint.go:25.18,27.5 1 0
github.com/elhub/gh-dxp/pkg/lint/lint.go:28.9,30.4 1 0
github.com/elhub/gh-dxp/pkg/lint/lint.go:34.2,34.33 1 1
github.com/elhub/gh-dxp/pkg/lint/lint.go:34.33,36.3 1 1
github.com/elhub/gh-dxp/pkg/lint/lint.go:38.2,38.12 1 1
github.com/elhub/gh-dxp/pkg/lint/yamllint.go:16.65,22.16 4 1
github.com/elhub/gh-dxp/pkg/lint/yamllint.go:22.16,24.3 1 0
github.com/elhub/gh-dxp/pkg/lint/yamllint.go:27.2,28.29 2 1
github.com/elhub/gh-dxp/pkg/lint/yamllint.go:28.29,30.22 2 1
github.com/elhub/gh-dxp/pkg/lint/yamllint.go:30.22,32.4 1 1
github.com/elhub/gh-dxp/pkg/lint/yamllint.go:35.2,36.21 2 1
github.com/elhub/gh-dxp/pkg/lint/yamllint.go:39.61,41.27 2 1
github.com/elhub/gh-dxp/pkg/lint/yamllint.go:41.27,54.3 4 1
github.com/elhub/gh-dxp/pkg/lint/yamllint.go:55.2,55.67 1 1
github.com/elhub/gh-dxp/pkg/utils/utils.go:19.36,23.2 1 0
github.com/elhub/gh-dxp/pkg/utils/utils.go:25.77,30.2 4 0
github.com/elhub/gh-dxp/pkg/utils/utils.go:19.36,23.2 1 0
github.com/elhub/gh-dxp/pkg/utils/utils.go:25.77,30.2 4 1
github.com/elhub/gh-dxp/pkg/branch/branch.go:12.64,15.22 2 1
github.com/elhub/gh-dxp/pkg/branch/branch.go:15.22,17.3 1 1
github.com/elhub/gh-dxp/pkg/branch/branch.go:19.2,19.18 1 1
github.com/elhub/gh-dxp/pkg/branch/branch.go:19.18,22.18 3 1
github.com/elhub/gh-dxp/pkg/branch/branch.go:22.18,24.4 1 0
github.com/elhub/gh-dxp/pkg/branch/branch.go:25.3,25.36 1 1
github.com/elhub/gh-dxp/pkg/branch/branch.go:26.8,29.18 3 1
github.com/elhub/gh-dxp/pkg/branch/branch.go:29.18,31.4 1 1
github.com/elhub/gh-dxp/pkg/branch/branch.go:32.3,32.36 1 1
github.com/elhub/gh-dxp/pkg/branch/branch.go:35.2,35.12 1 1
github.com/elhub/gh-dxp/pkg/branch/branch.go:38.70,40.16 2 1
github.com/elhub/gh-dxp/pkg/branch/branch.go:40.16,42.31 2 1
github.com/elhub/gh-dxp/pkg/branch/branch.go:42.31,43.31 1 1
github.com/elhub/gh-dxp/pkg/branch/branch.go:43.31,45.5 1 0
github.com/elhub/gh-dxp/pkg/branch/branch.go:46.4,46.21 1 1
github.com/elhub/gh-dxp/pkg/branch/branch.go:49.3,49.20 1 1
github.com/elhub/gh-dxp/pkg/branch/branch.go:51.2,51.18 1 1
github.com/elhub/gh-dxp/pkg/utils/utils.go:19.36,23.2 1 0
github.com/elhub/gh-dxp/pkg/utils/utils.go:25.77,30.2 4 0
